1733323936.016134 client started (32310): version 3.5a, socket /private/tmp/tmux-501/default, protocol 8
1733323936.016182 on Darwin 24.1.0 Darwin Kernel Version 24.1.0: Thu Oct 10 21:05:14 PDT 2024; root:xnu-11215.41.3~2/RELEASE_ARM64_T8103
1733323936.016197 using libevent 2.1.12-stable select
1733323936.016359 using utf8proc 2.9.0
1733323936.016372 using ncurses 6.5 20240427
1733323936.016396 flags are 0x10010000
1733323936.016405 socket is /private/tmp/tmux-501/default
1733323936.016419 trying connect
1733323936.016474 add peer 0x128008000: 6 (0x0)
1733323936.018554 sending message 111 to peer 0x128008000 (8 bytes)
1733323936.018568 sending message 111 to peer 0x128008000 (8 bytes)
1733323936.018576 sending message 101 to peer 0x128008000 (16 bytes)
1733323936.018584 sending message 109 to peer 0x128008000 (4 bytes)
1733323936.018591 sending message 102 to peer 0x128008000 (13 bytes)
1733323936.018599 sending message 108 to peer 0x128008000 (28 bytes)
1733323936.018607 sending message 112 to peer 0x128008000 (70 bytes)
1733323936.018615 sending message 112 to peer 0x128008000 (5 bytes)
1733323936.018622 sending message 112 to peer 0x128008000 (5 bytes)
1733323936.018630 sending message 112 to peer 0x128008000 (6 bytes)
1733323936.018637 sending message 112 to peer 0x128008000 (6 bytes)
1733323936.018645 sending message 112 to peer 0x128008000 (11 bytes)
1733323936.018653 sending message 112 to peer 0x128008000 (10 bytes)
1733323936.018660 sending message 112 to peer 0x128008000 (13 bytes)
1733323936.018668 sending message 112 to peer 0x128008000 (13 bytes)
1733323936.018676 sending message 112 to peer 0x128008000 (18 bytes)
1733323936.018683 sending message 112 to peer 0x128008000 (11 bytes)
1733323936.018690 sending message 112 to peer 0x128008000 (21 bytes)
1733323936.018697 sending message 112 to peer 0x128008000 (13 bytes)
1733323936.018704 sending message 112 to peer 0x128008000 (7 bytes)
1733323936.018712 sending message 112 to peer 0x128008000 (13 bytes)
1733323936.018719 sending message 112 to peer 0x128008000 (7 bytes)
1733323936.018726 sending message 112 to peer 0x128008000 (13 bytes)
1733323936.018733 sending message 112 to peer 0x128008000 (9 bytes)
1733323936.018741 sending message 112 to peer 0x128008000 (21 bytes)
1733323936.018748 sending message 112 to peer 0x128008000 (13 bytes)
1733323936.018755 sending message 112 to peer 0x128008000 (8 bytes)
1733323936.018762 sending message 112 to peer 0x128008000 (12 bytes)
1733323936.018769 sending message 112 to peer 0x128008000 (13 bytes)
1733323936.018777 sending message 112 to peer 0x128008000 (9 bytes)
1733323936.018784 sending message 112 to peer 0x128008000 (9 bytes)
1733323936.018791 sending message 112 to peer 0x128008000 (12 bytes)
1733323936.018798 sending message 112 to peer 0x128008000 (8 bytes)
1733323936.018805 sending message 112 to peer 0x128008000 (7 bytes)
1733323936.018812 sending message 112 to peer 0x128008000 (7 bytes)
1733323936.018820 sending message 112 to peer 0x128008000 (9 bytes)
1733323936.018827 sending message 112 to peer 0x128008000 (13 bytes)
1733323936.018834 sending message 112 to peer 0x128008000 (9 bytes)
1733323936.018841 sending message 112 to peer 0x128008000 (13 bytes)
1733323936.018848 sending message 112 to peer 0x128008000 (12 bytes)
1733323936.018855 sending message 112 to peer 0x128008000 (8 bytes)
1733323936.018863 sending message 112 to peer 0x128008000 (9 bytes)
1733323936.018870 sending message 112 to peer 0x128008000 (10 bytes)
1733323936.018878 sending message 112 to peer 0x128008000 (10 bytes)
1733323936.018885 sending message 112 to peer 0x128008000 (10 bytes)
1733323936.018892 sending message 112 to peer 0x128008000 (10 bytes)
1733323936.018900 sending message 112 to peer 0x128008000 (11 bytes)
1733323936.018907 sending message 112 to peer 0x128008000 (10 bytes)
1733323936.018915 sending message 112 to peer 0x128008000 (8 bytes)
1733323936.018922 sending message 112 to peer 0x128008000 (11 bytes)
1733323936.018929 sending message 112 to peer 0x128008000 (11 bytes)
1733323936.018937 sending message 112 to peer 0x128008000 (11 bytes)
1733323936.018962 sending message 112 to peer 0x128008000 (8 bytes)
1733323936.018968 sending message 112 to peer 0x128008000 (8 bytes)
1733323936.018973 sending message 112 to peer 0x128008000 (8 bytes)
1733323936.018979 sending message 112 to peer 0x128008000 (10 bytes)
1733323936.018984 sending message 112 to peer 0x128008000 (10 bytes)
1733323936.018989 sending message 112 to peer 0x128008000 (10 bytes)
1733323936.018995 sending message 112 to peer 0x128008000 (10 bytes)
1733323936.019000 sending message 112 to peer 0x128008000 (10 bytes)
1733323936.019005 sending message 112 to peer 0x128008000 (11 bytes)
1733323936.019010 sending message 112 to peer 0x128008000 (11 bytes)
1733323936.019016 sending message 112 to peer 0x128008000 (10 bytes)
1733323936.019021 sending message 112 to peer 0x128008000 (9 bytes)
1733323936.019026 sending message 112 to peer 0x128008000 (9 bytes)
1733323936.019032 sending message 112 to peer 0x128008000 (12 bytes)
1733323936.019037 sending message 112 to peer 0x128008000 (9 bytes)
1733323936.019042 sending message 112 to peer 0x128008000 (6 bytes)
1733323936.019047 sending message 112 to peer 0x128008000 (8 bytes)
1733323936.019052 sending message 112 to peer 0x128008000 (15 bytes)
1733323936.019058 sending message 112 to peer 0x128008000 (13 bytes)
1733323936.019063 sending message 112 to peer 0x128008000 (70 bytes)
1733323936.019068 sending message 112 to peer 0x128008000 (69 bytes)
1733323936.019074 sending message 112 to peer 0x128008000 (10 bytes)
1733323936.019079 sending message 112 to peer 0x128008000 (8 bytes)
1733323936.019084 sending message 112 to peer 0x128008000 (15 bytes)
1733323936.019090 sending message 112 to peer 0x128008000 (13 bytes)
1733323936.019095 sending message 112 to peer 0x128008000 (10 bytes)
1733323936.019100 sending message 112 to peer 0x128008000 (10 bytes)
1733323936.019105 sending message 112 to peer 0x128008000 (5 bytes)
1733323936.019110 sending message 112 to peer 0x128008000 (5 bytes)
1733323936.019117 sending message 104 to peer 0x128008000 (0 bytes)
1733323936.019123 sending message 110 to peer 0x128008000 (0 bytes)
1733323936.019129 sending message 107 to peer 0x128008000 (4 bytes)
1733323936.019135 sending message 105 to peer 0x128008000 (64 bytes)
1733323936.019140 sending message 105 to peer 0x128008000 (18 bytes)
1733323936.019146 sending message 105 to peer 0x128008000 (16 bytes)
1733323936.019151 sending message 105 to peer 0x128008000 (48 bytes)
1733323936.019156 sending message 105 to peer 0x128008000 (21 bytes)
1733323936.019161 sending message 105 to peer 0x128008000 (15 bytes)
1733323936.019166 sending message 105 to peer 0x128008000 (57 bytes)
1733323936.019172 sending message 105 to peer 0x128008000 (25 bytes)
1733323936.019177 sending message 105 to peer 0x128008000 (60 bytes)
1733323936.019183 sending message 105 to peer 0x128008000 (30 bytes)
1733323936.019188 sending message 105 to peer 0x128008000 (19 bytes)
1733323936.019193 sending message 105 to peer 0x128008000 (13 bytes)
1733323936.019199 sending message 105 to peer 0x128008000 (28 bytes)
1733323936.019204 sending message 105 to peer 0x128008000 (96 bytes)
1733323936.019209 sending message 105 to peer 0x128008000 (22 bytes)
1733323936.019214 sending message 105 to peer 0x128008000 (45 bytes)
1733323936.019219 sending message 105 to peer 0x128008000 (66 bytes)
1733323936.019225 sending message 105 to peer 0x128008000 (33 bytes)
1733323936.019230 sending message 105 to peer 0x128008000 (42 bytes)
1733323936.019236 sending message 105 to peer 0x128008000 (11 bytes)
1733323936.019241 sending message 105 to peer 0x128008000 (42 bytes)
1733323936.019246 sending message 105 to peer 0x128008000 (32 bytes)
1733323936.019301 sending message 105 to peer 0x128008000 (100 bytes)
1733323936.019387 sending message 105 to peer 0x128008000 (2117 bytes)
1733323936.019412 sending message 105 to peer 0x128008000 (43 bytes)
1733323936.019421 sending message 105 to peer 0x128008000 (32 bytes)
1733323936.019428 sending message 105 to peer 0x128008000 (17 bytes)
1733323936.019434 sending message 105 to peer 0x128008000 (22 bytes)
1733323936.019453 sending message 105 to peer 0x128008000 (14 bytes)
1733323936.019459 sending message 105 to peer 0x128008000 (13 bytes)
1733323936.019465 sending message 105 to peer 0x128008000 (19 bytes)
1733323936.019471 sending message 105 to peer 0x128008000 (8 bytes)
1733323936.019477 sending message 105 to peer 0x128008000 (20 bytes)
1733323936.019482 sending message 105 to peer 0x128008000 (15 bytes)
1733323936.019487 sending message 105 to peer 0x128008000 (27 bytes)
1733323936.019493 sending message 105 to peer 0x128008000 (49 bytes)
1733323936.019498 sending message 105 to peer 0x128008000 (61 bytes)
1733323936.019504 sending message 105 to peer 0x128008000 (16 bytes)
1733323936.019509 sending message 105 to peer 0x128008000 (8 bytes)
1733323936.019515 sending message 105 to peer 0x128008000 (55 bytes)
1733323936.019520 sending message 105 to peer 0x128008000 (55 bytes)
1733323936.019525 sending message 105 to peer 0x128008000 (19 bytes)
1733323936.019530 sending message 105 to peer 0x128008000 (64 bytes)
1733323936.019536 sending message 105 to peer 0x128008000 (20 bytes)
1733323936.019541 sending message 105 to peer 0x128008000 (22 bytes)
1733323936.019546 sending message 105 to peer 0x128008000 (12 bytes)
1733323936.019551 sending message 105 to peer 0x128008000 (25 bytes)
1733323936.019557 sending message 106 to peer 0x128008000 (0 bytes)
1733323936.019617 sending message 200 to peer 0x128008000 (4 bytes)
1733323936.019624 client loop enter
1733323936.019959 peer 0x128008000 message 303
1733323936.020055 open write file 2 -
1733323936.020108 sending message 305 to peer 0x128008000 (8 bytes)
1733323936.020136 write check file 2
1733323936.020278 peer 0x128008000 message 304
1733323936.020316 write 58 to file 2
1733323936.020331 peer 0x128008000 message 203
1733323936.020338 file 2 58 bytes left
1733323936.020358 write check file 2
1733323936.020364 client loop exit
